2025-03-13 15:47:59,330 - INFO - Logger initialized.
2025-03-13 15:47:59,330 - INFO - Generating baseline solution.
2025-03-13 15:48:07,197 - INFO - Baseline solution generated.
2025-03-13 15:48:07,198 - DEBUG - 
import numpy as np

def matrix_multiply(A: list, B: list) -> list:
    A_np = np.array(A)
    B_np = np.array(B)
    result = np.matmul(A_np, B_np)
    return result.tolist()
2025-03-13 15:48:07,198 - DEBUG - 
poetry add numpy
2025-03-13 15:48:07,198 - INFO - Executing and verifying the function.
2025-03-13 15:48:13,408 - INFO - Function execution successful.
2025-03-13 15:48:13,408 - DEBUG - Performance metrics:
2025-03-13 15:48:13,408 - DEBUG - Runtime: 5.875001079402864e-06
2025-03-13 15:48:13,409 - DEBUG - CPU Percent: 48.532677442023896
2025-03-13 15:48:13,409 - DEBUG - Memory Usage: 90079232
2025-03-13 15:48:13,409 - INFO - ====================================================================================================
2025-03-13 15:48:13,409 - INFO - ====================================================================================================
2025-03-13 15:48:13,409 - INFO - Generation 1
2025-03-13 15:48:13,409 - INFO - Generating approaches.
2025-03-13 15:48:18,456 - INFO - Approaches generated.
2025-03-13 15:48:18,456 - INFO -  
2025-03-13 15:48:18,456 - DEBUG - Approach 1: Implement sparse matrix multiplication by leveraging the CSR (Compressed Sparse Row) format for matrices with a high number of zero elements, using numpy's sparse capabilities to reduce computational overhead and memory usage.
2025-03-13 15:48:18,456 - INFO - Generating solution.
2025-03-13 15:48:20,846 - INFO - Solution generated.
2025-03-13 15:48:20,846 - DEBUG - 
from scipy.sparse import csr_matrix

def matrix_multiply(A: list, B: list) -> list:
    A_sparse = csr_matrix(A)
    B_sparse = csr_matrix(B)
    result_sparse = A_sparse.dot(B_sparse)
    return result_sparse.toarray().tolist()
2025-03-13 15:48:20,847 - DEBUG - 
poetry add scipy
2025-03-13 15:48:20,847 - INFO - Executing and verifying the function.
2025-03-13 15:48:31,561 - DEBUG - Performance metrics:
2025-03-13 15:48:31,562 - DEBUG - Runtime: 0.0002504999993107049
2025-03-13 15:48:31,562 - DEBUG - CPU Percent: 93.98299290780142
2025-03-13 15:48:31,562 - DEBUG - Memory Usage: 299008000
2025-03-13 15:48:31,562 - INFO -  
2025-03-13 15:48:31,562 - INFO -  
2025-03-13 15:48:31,562 - DEBUG - Approach 2: Utilize Strassen's algorithm for matrix multiplication to divide each matrix recursively into smaller sub-matrices, effectively reducing the multiplication operation count from the classical O(n^3) to approximately O(n^2.81).
2025-03-13 15:48:31,562 - INFO - Generating solution.
2025-03-13 15:48:54,770 - INFO - Solution generated.
2025-03-13 15:48:54,770 - DEBUG - 
def matrix_multiply(A: list, B: list) -> list:
    def add_matrix(A, B):
        n = len(A)
        return [[A[i][j] + B[i][j] for j in range(n)] for i in range(n)]

    def sub_matrix(A, B):
        n = len(A)
        return [[A[i][j] - B[i][j] for j in range(n)] for i in range(n)]

    def strassen(A, B):
        n = len(A)
        if n == 1:
            return [[A[0][0] * B[0][0]]]
        
        mid = n // 2

        A11 = [[A[i][j] for j in range(mid)] for i in range(mid)]
        A12 = [[A[i][j] for j in range(mid, n)] for i in range(mid)]
        A21 = [[A[i][j] for j in range(mid)] for i in range(mid, n)]
        A22 = [[A[i][j] for j in range(mid, n)] for i in range(mid, n)]

        B11 = [[B[i][j] for j in range(mid)] for i in range(mid)]
        B12 = [[B[i][j] for j in range(mid, n)] for i in range(mid)]
        B21 = [[B[i][j] for j in range(mid)] for i in range(mid, n)]
        B22 = [[B[i][j] for j in range(mid, n)] for i in range(mid, n)]

        M1 = strassen(add_matrix(A11, A22), add_matrix(B11, B22))
        M2 = strassen(add_matrix(A21, A22), B11)
        M3 = strassen(A11, sub_matrix(B12, B22))
        M4 = strassen(A22, sub_matrix(B21, B11))
        M5 = strassen(add_matrix(A11, A12), B22)
        M6 = strassen(sub_matrix(A21, A11), add_matrix(B11, B12))
        M7 = strassen(sub_matrix(A12, A22), add_matrix(B21, B22))

        C11 = add_matrix(sub_matrix(add_matrix(M1, M4), M5), M7)
        C12 = add_matrix(M3, M5)
        C21 = add_matrix(M2, M4)
        C22 = add_matrix(sub_matrix(add_matrix(M1, M3), M2), M6)

        C = [[0] * n for _ in range(n)]
        for i in range(mid):
            for j in range(mid):
                C[i][j] = C11[i][j]
                C[i][j + mid] = C12[i][j]
                C[i + mid][j] = C21[i][j]
                C[i + mid][j + mid] = C22[i][j]

        return C
    
    def next_power_of_2(x):
        return 1 if x == 0 else 2**((x - 1).bit_length())

    n = len(A)
    m = len(B[0])
    k = len(B)
    max_dim = max(n, m, k)
    p = next_power_of_2(max_dim)

    A_pad = [[A[i][j] if i < n and j < k else 0 for j in range(p)] for i in range(p)]
    B_pad = [[B[i][j] if i < k and j < m else 0 for j in range(p)] for i in range(p)]

    C_pad = strassen(A_pad, B_pad)
    C = [[C_pad[i][j] for j in range(m)] for i in range(n)]
    
    return C
2025-03-13 15:48:54,771 - INFO - Executing and verifying the function.
2025-03-13 15:48:57,831 - DEBUG - Performance metrics:
2025-03-13 15:48:57,832 - DEBUG - Runtime: 5.62919994990807e-05
2025-03-13 15:48:57,832 - DEBUG - CPU Percent: 7.438492438563326
2025-03-13 15:48:57,832 - DEBUG - Memory Usage: 298942464
2025-03-13 15:48:57,832 - INFO -  
2025-03-13 15:48:57,832 - INFO -  
2025-03-13 15:48:57,832 - DEBUG - Approach 3: Adopt block matrix multiplication by dividing both matrices into smaller fixed-size blocks that fit the CPU cache more effectively, thus optimizing memory usage and enhancing computation speed through better cache performance.
2025-03-13 15:48:57,832 - INFO - Generating solution.
2025-03-13 15:49:06,453 - INFO - Solution generated.
2025-03-13 15:49:06,453 - DEBUG - 
def matrix_multiply(A: list, B: list) -> list:
    def block_multiply(A, B, C, block_size):
        n = len(A)
        for i in range(0, n, block_size):
            for j in range(0, n, block_size):
                for k in range(0, n, block_size):
                    for ii in range(i, min(i + block_size, n)):
                        for jj in range(j, min(j + block_size, n)):
                            sum = 0
                            for kk in range(k, min(k + block_size, n)):
                                sum += A[ii][kk] * B[kk][jj]
                            C[ii][jj] += sum
    
    n = len(A)
    C = [[0] * len(B[0]) for _ in range(n)]
    block_size = min(n, 32)
    block_multiply(A, B, C, block_size)
    
    return C
2025-03-13 15:49:06,453 - INFO - Executing and verifying the function.
2025-03-13 15:49:09,491 - WARNING - Test case failed: {"A": [[1, 2, 3]], "B": [[4], [5], [6]]} -> [[32]]
2025-03-13 15:49:09,491 - INFO - Fixing the function. Retry 1.
2025-03-13 15:49:21,519 - DEBUG - 
def matrix_multiply(A: list, B: list) -> list:
    def block_multiply(A, B, C, block_size):
        row_A, col_A = len(A), len(A[0])
        col_B = len(B[0])
        for i in range(0, row_A, block_size):
            for j in range(0, col_B, block_size):
                for k in range(0, col_A, block_size):
                    for ii in range(i, min(i + block_size, row_A)):
                        for jj in range(j, min(j + block_size, col_B)):
                            sum = 0
                            for kk in range(k, min(k + block_size, col_A)):
                                sum += A[ii][kk] * B[kk][jj]
                            C[ii][jj] += sum
    
    if not A or not B or len(A[0]) != len(B):
        raise ValueError("Incompatible dimensions for matrix multiplication.")

    row_A, col_B = len(A), len(B[0])
    C = [[0] * col_B for _ in range(row_A)]
    block_size = min(min(row_A, len(B)), 32)
    block_multiply(A, B, C, block_size)
    
    return C

2025-03-13 15:49:24,592 - DEBUG - Performance metrics:
2025-03-13 15:49:24,592 - DEBUG - Runtime: 6.083999323891476e-06
2025-03-13 15:49:24,592 - DEBUG - CPU Percent: 7.2283056788969375
2025-03-13 15:49:24,593 - DEBUG - Memory Usage: 298958848
2025-03-13 15:49:24,593 - INFO -  
2025-03-13 15:49:24,593 - INFO - Generation complete.
2025-03-13 15:49:24,593 - INFO -  
2025-03-13 15:49:24,593 - INFO - Root is better than all children.
